<?xml version="1.0" encoding="UTF-8"?>
<testsuite xmlns:xsi="http://www.w3.org/2001/XMLSchema-instance" xsi:noNamespaceSchemaLocation="https://maven.apache.org/surefire/maven-surefire-plugin/xsd/surefire-test-report.xsd" name="com.yabuo.chatbot.ESManualTest" time="28.909" tests="5" errors="5" skipped="0" failures="0">
  <properties>
[...]
</properties>
  <testcase name="givenDocumentId_whenJavaObject_thenDeleteDocument" classname="com.yabuo.chatbot.ESManualTest" time="6.244">
    <error message="org/locationtech/jts/geom/CoordinateSequenceFactory" type="java.lang.NoClassDefFoundError">java.lang.NoClassDefFoundError: org/locationtech/jts/geom/CoordinateSequenceFactory
	at com.yabuo.chatbot.ESManualTest.setUp(ESManualTest.java:48)
Caused by: java.lang.ClassNotFoundException: org.locationtech.jts.geom.CoordinateSequenceFactory
	at com.yabuo.chatbot.ESManualTest.setUp(ESManualTest.java:48)
</error>
    <system-out><![CDATA[10:58:27.687 [main] INFO org.elasticsearch.plugins.PluginsService - no modules loaded
10:58:27.704 [main] INFO org.elasticsearch.plugins.PluginsService - loaded plugin [org.elasticsearch.index.reindex.ReindexPlugin]
10:58:27.704 [main] INFO org.elasticsearch.plugins.PluginsService - loaded plugin [org.elasticsearch.join.ParentJoinPlugin]
10:58:27.704 [main] INFO org.elasticsearch.plugins.PluginsService - loaded plugin [org.elasticsearch.percolator.PercolatorPlugin]
10:58:27.704 [main] INFO org.elasticsearch.plugins.PluginsService - loaded plugin [org.elasticsearch.script.mustache.MustachePlugin]
10:58:27.704 [main] INFO org.elasticsearch.plugins.PluginsService - loaded plugin [org.elasticsearch.transport.Netty3Plugin]
10:58:27.705 [main] INFO org.elasticsearch.plugins.PluginsService - loaded plugin [org.elasticsearch.transport.Netty4Plugin]
10:58:27.816 [main] DEBUG org.elasticsearch.threadpool.ThreadPool - created thread pool: name [force_merge], size [1], queue size [unbounded]
10:58:27.822 [main] DEBUG org.elasticsearch.threadpool.ThreadPool - created thread pool: name [fetch_shard_started], core [1], max [8], keep alive [5m]
10:58:27.823 [main] DEBUG org.elasticsearch.threadpool.ThreadPool - created thread pool: name [listener], size [2], queue size [unbounded]
10:58:27.833 [main] DEBUG org.elasticsearch.threadpool.ThreadPool - created thread pool: name [index], size [4], queue size [200]
10:58:27.834 [main] DEBUG org.elasticsearch.threadpool.ThreadPool - created thread pool: name [refresh], core [1], max [2], keep alive [5m]
10:58:27.835 [main] DEBUG org.elasticsearch.threadpool.ThreadPool - created thread pool: name [generic], core [4], max [128], keep alive [30s]
10:58:27.836 [main] DEBUG org.elasticsearch.threadpool.ThreadPool - created thread pool: name [warmer], core [1], max [2], keep alive [5m]
10:58:27.836 [main] DEBUG org.elasticsearch.threadpool.ThreadPool - created thread pool: name [search], size [7], queue size [1k]
10:58:27.836 [main] DEBUG org.elasticsearch.threadpool.ThreadPool - created thread pool: name [flush], core [1], max [2], keep alive [5m]
10:58:27.837 [main] DEBUG org.elasticsearch.threadpool.ThreadPool - created thread pool: name [fetch_shard_store], core [1], max [8], keep alive [5m]
10:58:27.838 [main] DEBUG org.elasticsearch.threadpool.ThreadPool - created thread pool: name [management], core [1], max [5], keep alive [5m]
10:58:27.840 [main] DEBUG org.elasticsearch.threadpool.ThreadPool - created thread pool: name [get], size [4], queue size [1k]
10:58:27.841 [main] DEBUG org.elasticsearch.threadpool.ThreadPool - created thread pool: name [bulk], size [4], queue size [200]
10:58:27.841 [main] DEBUG org.elasticsearch.threadpool.ThreadPool - created thread pool: name [snapshot], core [1], max [2], keep alive [5m]
10:58:28.622 [main] DEBUG org.elasticsearch.common.network.IfConfig - configuration:

lo
        Software Loopback Interface 1
        inet 127.0.0.1 netmask:255.0.0.0 broadcast:127.255.255.255 scope:host
        inet6 ::1 prefixlen:128 scope:host
        UP MULTICAST LOOPBACK mtu:-1 index:1

net0
        Microsoft 6to4 Adapter
        MULTICAST mtu:-1 index:2

eth0
        WAN Miniport (IP)
        MULTICAST mtu:-1 index:3

net1
        WAN Miniport (IKEv2)
        MULTICAST mtu:-1 index:4

net2
        WAN Miniport (SSTP)
        MULTICAST mtu:-1 index:5

wlan0
        Intel(R) Dual Band Wireless-AC 8265
        inet 172.30.38.229 netmask:255.255.248.0 broadcast:172.30.39.255 scope:site
        hardware F8:59:71:81:2B:67
        UP MULTICAST mtu:1500 index:6

ppp0
        WAN Miniport (PPPOE)
        MULTICAST mtu:-1 index:7

wlan1
        Microsoft Wi-Fi Direct Virtual Adapter
        hardware F8:59:71:81:2B:68
        MULTICAST mtu:1500 index:8

net3
        Microsoft IP-HTTPS Platform Adapter
        MULTICAST mtu:-1 index:9

net4
        WAN Miniport (PPTP)
        MULTICAST mtu:-1 index:10

net5
        Bluetooth Device (RFCOMM Protocol TDI)
        MULTICAST mtu:-1 index:11

eth1
        Bluetooth Device (Personal Area Network)
        hardware F8:59:71:81:2B:6B
        MULTICAST mtu:1500 index:12

eth2
        Apple Mobile Device Ethernet
        MULTICAST mtu:-1 index:13

eth3
        ExpressVPN Tap Adapter
        inet 10.191.0.10 netmask:255.255.255.252 broadcast:10.191.0.11 scope:site
        hardware 00:FF:76:95:09:A9
        UP MULTICAST mtu:1500 index:14

eth4
        WAN Miniport (Network Monitor)
        MULTICAST mtu:-1 index:15

net6
        Microsoft Teredo Tunneling Adapter
        MULTICAST mtu:-1 index:16

eth5
        WAN Miniport (IPv6)
        MULTICAST mtu:-1 index:17

eth6
        Realtek USB GbE Family Controller
        MULTICAST mtu:-1 index:18

eth7
        Microsoft Kernel Debug Network Adapter
        MULTICAST mtu:-1 index:19

wlan2
        Microsoft Wi-Fi Direct Virtual Adapter #2
        hardware FA:59:71:81:2B:67
        MULTICAST mtu:1500 index:20

net7
        WAN Miniport (L2TP)
        MULTICAST mtu:-1 index:21

wlan3
        Intel(R) Dual Band Wireless-AC 8265-WFP Native MAC Layer LightWeight Filter-0000
        MULTICAST mtu:-1 index:22

wlan4
        Intel(R) Dual Band Wireless-AC 8265-Virtual WiFi Filter Driver-0000
        MULTICAST mtu:-1 index:23

wlan5
        Intel(R) Dual Band Wireless-AC 8265-Native WiFi Filter Driver-0000
        MULTICAST mtu:-1 index:24

wlan6
        Intel(R) Dual Band Wireless-AC 8265-QoS Packet Scheduler-0000
        MULTICAST mtu:-1 index:25

wlan7
        Intel(R) Dual Band Wireless-AC 8265-WFP 802.3 MAC Layer LightWeight Filter-0000
        MULTICAST mtu:-1 index:26

wlan8
        Microsoft Wi-Fi Direct Virtual Adapter-WFP Native MAC Layer LightWeight Filter-0000
        MULTICAST mtu:-1 index:27

wlan9
        Microsoft Wi-Fi Direct Virtual Adapter-Native WiFi Filter Driver-0000
        MULTICAST mtu:-1 index:28

wlan10
        Microsoft Wi-Fi Direct Virtual Adapter-QoS Packet Scheduler-0000
        MULTICAST mtu:-1 index:29

wlan11
        Microsoft Wi-Fi Direct Virtual Adapter-WFP 802.3 MAC Layer LightWeight Filter-0000
        MULTICAST mtu:-1 index:30

eth8
        WAN Miniport (IP)-WFP Native MAC Layer LightWeight Filter-0000
        MULTICAST mtu:-1 index:31

eth9
        WAN Miniport (IP)-QoS Packet Scheduler-0000
        MULTICAST mtu:-1 index:32

eth10
        WAN Miniport (IPv6)-WFP Native MAC Layer LightWeight Filter-0000
        MULTICAST mtu:-1 index:33

eth11
        WAN Miniport (IPv6)-QoS Packet Scheduler-0000
        MULTICAST mtu:-1 index:34

eth12
        WAN Miniport (Network Monitor)-WFP Native MAC Layer LightWeight Filter-0000
        MULTICAST mtu:-1 index:35

eth13
        WAN Miniport (Network Monitor)-QoS Packet Scheduler-0000
        MULTICAST mtu:-1 index:36

wlan12
        Microsoft Wi-Fi Direct Virtual Adapter #2-WFP Native MAC Layer LightWeight Filter-0000
        MULTICAST mtu:-1 index:37

wlan13
        Microsoft Wi-Fi Direct Virtual Adapter #2-Native WiFi Filter Driver-0000
        MULTICAST mtu:-1 index:38

wlan14
        Microsoft Wi-Fi Direct Virtual Adapter #2-QoS Packet Scheduler-0000
        MULTICAST mtu:-1 index:39

wlan15
        Microsoft Wi-Fi Direct Virtual Adapter #2-WFP 802.3 MAC Layer LightWeight Filter-0000
        MULTICAST mtu:-1 index:40

eth14
        ExpressVPN Tap Adapter-WFP Native MAC Layer LightWeight Filter-0000
        MULTICAST mtu:-1 index:41

eth15
        ExpressVPN Tap Adapter-QoS Packet Scheduler-0000
        MULTICAST mtu:-1 index:42

eth16
        ExpressVPN Tap Adapter-WFP 802.3 MAC Layer LightWeight Filter-0000
        MULTICAST mtu:-1 index:43

]]></system-out>
  </testcase>
  <testcase name="givenSearchParameters_thenReturnResults" classname="com.yabuo.chatbot.ESManualTest" time="8.979">
    <error message="Could not initialize class org.elasticsearch.common.geo.builders.PointBuilder" type="java.lang.NoClassDefFoundError">java.lang.NoClassDefFoundError: Could not initialize class org.elasticsearch.common.geo.builders.PointBuilder
	at com.yabuo.chatbot.ESManualTest.setUp(ESManualTest.java:48)
</error>
    <system-out><![CDATA[10:58:29.979 [main] INFO org.elasticsearch.plugins.PluginsService - no modules loaded
10:58:29.979 [main] INFO org.elasticsearch.plugins.PluginsService - loaded plugin [org.elasticsearch.index.reindex.ReindexPlugin]
10:58:29.979 [main] INFO org.elasticsearch.plugins.PluginsService - loaded plugin [org.elasticsearch.join.ParentJoinPlugin]
10:58:29.979 [main] INFO org.elasticsearch.plugins.PluginsService - loaded plugin [org.elasticsearch.percolator.PercolatorPlugin]
10:58:29.979 [main] INFO org.elasticsearch.plugins.PluginsService - loaded plugin [org.elasticsearch.script.mustache.MustachePlugin]
10:58:29.979 [main] INFO org.elasticsearch.plugins.PluginsService - loaded plugin [org.elasticsearch.transport.Netty3Plugin]
10:58:29.980 [main] INFO org.elasticsearch.plugins.PluginsService - loaded plugin [org.elasticsearch.transport.Netty4Plugin]
10:58:29.982 [main] DEBUG org.elasticsearch.threadpool.ThreadPool - created thread pool: name [force_merge], size [1], queue size [unbounded]
10:58:29.983 [main] DEBUG org.elasticsearch.threadpool.ThreadPool - created thread pool: name [fetch_shard_started], core [1], max [8], keep alive [5m]
10:58:29.984 [main] DEBUG org.elasticsearch.threadpool.ThreadPool - created thread pool: name [listener], size [2], queue size [unbounded]
10:58:29.984 [main] DEBUG org.elasticsearch.threadpool.ThreadPool - created thread pool: name [index], size [4], queue size [200]
10:58:29.984 [main] DEBUG org.elasticsearch.threadpool.ThreadPool - created thread pool: name [refresh], core [1], max [2], keep alive [5m]
10:58:29.985 [main] DEBUG org.elasticsearch.threadpool.ThreadPool - created thread pool: name [generic], core [4], max [128], keep alive [30s]
10:58:29.985 [main] DEBUG org.elasticsearch.threadpool.ThreadPool - created thread pool: name [warmer], core [1], max [2], keep alive [5m]
10:58:29.985 [main] DEBUG org.elasticsearch.threadpool.ThreadPool - created thread pool: name [search], size [7], queue size [1k]
10:58:29.986 [main] DEBUG org.elasticsearch.threadpool.ThreadPool - created thread pool: name [flush], core [1], max [2], keep alive [5m]
10:58:29.987 [main] DEBUG org.elasticsearch.threadpool.ThreadPool - created thread pool: name [fetch_shard_store], core [1], max [8], keep alive [5m]
10:58:29.987 [main] DEBUG org.elasticsearch.threadpool.ThreadPool - created thread pool: name [management], core [1], max [5], keep alive [5m]
10:58:29.987 [main] DEBUG org.elasticsearch.threadpool.ThreadPool - created thread pool: name [get], size [4], queue size [1k]
10:58:29.988 [main] DEBUG org.elasticsearch.threadpool.ThreadPool - created thread pool: name [bulk], size [4], queue size [200]
10:58:29.988 [main] DEBUG org.elasticsearch.threadpool.ThreadPool - created thread pool: name [snapshot], core [1], max [2], keep alive [5m]
10:58:30.765 [main] DEBUG org.elasticsearch.common.network.IfConfig - configuration:

lo
        Software Loopback Interface 1
        inet 127.0.0.1 netmask:255.0.0.0 broadcast:127.255.255.255 scope:host
        inet6 ::1 prefixlen:128 scope:host
        UP MULTICAST LOOPBACK mtu:-1 index:1

net0
        Microsoft 6to4 Adapter
        MULTICAST mtu:-1 index:2

eth0
        WAN Miniport (IP)
        MULTICAST mtu:-1 index:3

net1
        WAN Miniport (IKEv2)
        MULTICAST mtu:-1 index:4

net2
        WAN Miniport (SSTP)
        MULTICAST mtu:-1 index:5

wlan0
        Intel(R) Dual Band Wireless-AC 8265
        inet 172.30.38.229 netmask:255.255.248.0 broadcast:172.30.39.255 scope:site
        hardware F8:59:71:81:2B:67
        UP MULTICAST mtu:1500 index:6

ppp0
        WAN Miniport (PPPOE)
        MULTICAST mtu:-1 index:7

wlan1
        Microsoft Wi-Fi Direct Virtual Adapter
        hardware F8:59:71:81:2B:68
        MULTICAST mtu:1500 index:8

net3
        Microsoft IP-HTTPS Platform Adapter
        MULTICAST mtu:-1 index:9

net4
        WAN Miniport (PPTP)
        MULTICAST mtu:-1 index:10

net5
        Bluetooth Device (RFCOMM Protocol TDI)
        MULTICAST mtu:-1 index:11

eth1
        Bluetooth Device (Personal Area Network)
        hardware F8:59:71:81:2B:6B
        MULTICAST mtu:1500 index:12

eth2
        Apple Mobile Device Ethernet
        MULTICAST mtu:-1 index:13

eth3
        ExpressVPN Tap Adapter
        inet 10.191.0.10 netmask:255.255.255.252 broadcast:10.191.0.11 scope:site
        hardware 00:FF:76:95:09:A9
        UP MULTICAST mtu:1500 index:14

eth4
        WAN Miniport (Network Monitor)
        MULTICAST mtu:-1 index:15

net6
        Microsoft Teredo Tunneling Adapter
        MULTICAST mtu:-1 index:16

eth5
        WAN Miniport (IPv6)
        MULTICAST mtu:-1 index:17

eth6
        Realtek USB GbE Family Controller
        MULTICAST mtu:-1 index:18

eth7
        Microsoft Kernel Debug Network Adapter
        MULTICAST mtu:-1 index:19

wlan2
        Microsoft Wi-Fi Direct Virtual Adapter #2
        hardware FA:59:71:81:2B:67
        MULTICAST mtu:1500 index:20

net7
        WAN Miniport (L2TP)
        MULTICAST mtu:-1 index:21

wlan3
        Intel(R) Dual Band Wireless-AC 8265-WFP Native MAC Layer LightWeight Filter-0000
        MULTICAST mtu:-1 index:22

wlan4
        Intel(R) Dual Band Wireless-AC 8265-Virtual WiFi Filter Driver-0000
        MULTICAST mtu:-1 index:23

wlan5
        Intel(R) Dual Band Wireless-AC 8265-Native WiFi Filter Driver-0000
        MULTICAST mtu:-1 index:24

wlan6
        Intel(R) Dual Band Wireless-AC 8265-QoS Packet Scheduler-0000
        MULTICAST mtu:-1 index:25

wlan7
        Intel(R) Dual Band Wireless-AC 8265-WFP 802.3 MAC Layer LightWeight Filter-0000
        MULTICAST mtu:-1 index:26

wlan8
        Microsoft Wi-Fi Direct Virtual Adapter-WFP Native MAC Layer LightWeight Filter-0000
        MULTICAST mtu:-1 index:27

wlan9
        Microsoft Wi-Fi Direct Virtual Adapter-Native WiFi Filter Driver-0000
        MULTICAST mtu:-1 index:28

wlan10
        Microsoft Wi-Fi Direct Virtual Adapter-QoS Packet Scheduler-0000
        MULTICAST mtu:-1 index:29

wlan11
        Microsoft Wi-Fi Direct Virtual Adapter-WFP 802.3 MAC Layer LightWeight Filter-0000
        MULTICAST mtu:-1 index:30

eth8
        WAN Miniport (IP)-WFP Native MAC Layer LightWeight Filter-0000
        MULTICAST mtu:-1 index:31

eth9
        WAN Miniport (IP)-QoS Packet Scheduler-0000
        MULTICAST mtu:-1 index:32

eth10
        WAN Miniport (IPv6)-WFP Native MAC Layer LightWeight Filter-0000
        MULTICAST mtu:-1 index:33

eth11
        WAN Miniport (IPv6)-QoS Packet Scheduler-0000
        MULTICAST mtu:-1 index:34

eth12
        WAN Miniport (Network Monitor)-WFP Native MAC Layer LightWeight Filter-0000
        MULTICAST mtu:-1 index:35

eth13
        WAN Miniport (Network Monitor)-QoS Packet Scheduler-0000
        MULTICAST mtu:-1 index:36

wlan12
        Microsoft Wi-Fi Direct Virtual Adapter #2-WFP Native MAC Layer LightWeight Filter-0000
        MULTICAST mtu:-1 index:37

wlan13
        Microsoft Wi-Fi Direct Virtual Adapter #2-Native WiFi Filter Driver-0000
        MULTICAST mtu:-1 index:38

wlan14
        Microsoft Wi-Fi Direct Virtual Adapter #2-QoS Packet Scheduler-0000
        MULTICAST mtu:-1 index:39

wlan15
        Microsoft Wi-Fi Direct Virtual Adapter #2-WFP 802.3 MAC Layer LightWeight Filter-0000
        MULTICAST mtu:-1 index:40

eth14
        ExpressVPN Tap Adapter-WFP Native MAC Layer LightWeight Filter-0000
        MULTICAST mtu:-1 index:41

eth15
        ExpressVPN Tap Adapter-QoS Packet Scheduler-0000
        MULTICAST mtu:-1 index:42

eth16
        ExpressVPN Tap Adapter-WFP 802.3 MAC Layer LightWeight Filter-0000
        MULTICAST mtu:-1 index:43

]]></system-out>
  </testcase>
  <testcase name="givenSearchRequest_whenMatchAll_thenReturnAllResults" classname="com.yabuo.chatbot.ESManualTest" time="4.148">
    <error message="Could not initialize class org.elasticsearch.common.geo.builders.PointBuilder" type="java.lang.NoClassDefFoundError">java.lang.NoClassDefFoundError: Could not initialize class org.elasticsearch.common.geo.builders.PointBuilder
	at com.yabuo.chatbot.ESManualTest.setUp(ESManualTest.java:48)
</error>
    <system-out><![CDATA[10:58:30.786 [main] INFO org.elasticsearch.plugins.PluginsService - no modules loaded
10:58:30.786 [main] INFO org.elasticsearch.plugins.PluginsService - loaded plugin [org.elasticsearch.index.reindex.ReindexPlugin]
10:58:30.786 [main] INFO org.elasticsearch.plugins.PluginsService - loaded plugin [org.elasticsearch.join.ParentJoinPlugin]
10:58:30.786 [main] INFO org.elasticsearch.plugins.PluginsService - loaded plugin [org.elasticsearch.percolator.PercolatorPlugin]
10:58:30.786 [main] INFO org.elasticsearch.plugins.PluginsService - loaded plugin [org.elasticsearch.script.mustache.MustachePlugin]
10:58:30.787 [main] INFO org.elasticsearch.plugins.PluginsService - loaded plugin [org.elasticsearch.transport.Netty3Plugin]
10:58:30.787 [main] INFO org.elasticsearch.plugins.PluginsService - loaded plugin [org.elasticsearch.transport.Netty4Plugin]
10:58:30.789 [main] DEBUG org.elasticsearch.threadpool.ThreadPool - created thread pool: name [force_merge], size [1], queue size [unbounded]
10:58:30.789 [main] DEBUG org.elasticsearch.threadpool.ThreadPool - created thread pool: name [fetch_shard_started], core [1], max [8], keep alive [5m]
10:58:30.790 [main] DEBUG org.elasticsearch.threadpool.ThreadPool - created thread pool: name [listener], size [2], queue size [unbounded]
10:58:30.791 [main] DEBUG org.elasticsearch.threadpool.ThreadPool - created thread pool: name [index], size [4], queue size [200]
10:58:30.791 [main] DEBUG org.elasticsearch.threadpool.ThreadPool - created thread pool: name [refresh], core [1], max [2], keep alive [5m]
10:58:30.792 [main] DEBUG org.elasticsearch.threadpool.ThreadPool - created thread pool: name [generic], core [4], max [128], keep alive [30s]
10:58:30.793 [main] DEBUG org.elasticsearch.threadpool.ThreadPool - created thread pool: name [warmer], core [1], max [2], keep alive [5m]
10:58:30.794 [main] DEBUG org.elasticsearch.threadpool.ThreadPool - created thread pool: name [search], size [7], queue size [1k]
10:58:30.794 [main] DEBUG org.elasticsearch.threadpool.ThreadPool - created thread pool: name [flush], core [1], max [2], keep alive [5m]
10:58:30.795 [main] DEBUG org.elasticsearch.threadpool.ThreadPool - created thread pool: name [fetch_shard_store], core [1], max [8], keep alive [5m]
10:58:30.795 [main] DEBUG org.elasticsearch.threadpool.ThreadPool - created thread pool: name [management], core [1], max [5], keep alive [5m]
10:58:30.796 [main] DEBUG org.elasticsearch.threadpool.ThreadPool - created thread pool: name [get], size [4], queue size [1k]
10:58:30.797 [main] DEBUG org.elasticsearch.threadpool.ThreadPool - created thread pool: name [bulk], size [4], queue size [200]
10:58:30.799 [main] DEBUG org.elasticsearch.threadpool.ThreadPool - created thread pool: name [snapshot], core [1], max [2], keep alive [5m]
10:58:31.473 [main] DEBUG org.elasticsearch.common.network.IfConfig - configuration:

lo
        Software Loopback Interface 1
        inet 127.0.0.1 netmask:255.0.0.0 broadcast:127.255.255.255 scope:host
        inet6 ::1 prefixlen:128 scope:host
        UP MULTICAST LOOPBACK mtu:-1 index:1

net0
        Microsoft 6to4 Adapter
        MULTICAST mtu:-1 index:2

eth0
        WAN Miniport (IP)
        MULTICAST mtu:-1 index:3

net1
        WAN Miniport (IKEv2)
        MULTICAST mtu:-1 index:4

net2
        WAN Miniport (SSTP)
        MULTICAST mtu:-1 index:5

wlan0
        Intel(R) Dual Band Wireless-AC 8265
        inet 172.30.38.229 netmask:255.255.248.0 broadcast:172.30.39.255 scope:site
        hardware F8:59:71:81:2B:67
        UP MULTICAST mtu:1500 index:6

ppp0
        WAN Miniport (PPPOE)
        MULTICAST mtu:-1 index:7

wlan1
        Microsoft Wi-Fi Direct Virtual Adapter
        hardware F8:59:71:81:2B:68
        MULTICAST mtu:1500 index:8

net3
        Microsoft IP-HTTPS Platform Adapter
        MULTICAST mtu:-1 index:9

net4
        WAN Miniport (PPTP)
        MULTICAST mtu:-1 index:10

net5
        Bluetooth Device (RFCOMM Protocol TDI)
        MULTICAST mtu:-1 index:11

eth1
        Bluetooth Device (Personal Area Network)
        hardware F8:59:71:81:2B:6B
        MULTICAST mtu:1500 index:12

eth2
        Apple Mobile Device Ethernet
        MULTICAST mtu:-1 index:13

eth3
        ExpressVPN Tap Adapter
        inet 10.191.0.10 netmask:255.255.255.252 broadcast:10.191.0.11 scope:site
        hardware 00:FF:76:95:09:A9
        UP MULTICAST mtu:1500 index:14

eth4
        WAN Miniport (Network Monitor)
        MULTICAST mtu:-1 index:15

net6
        Microsoft Teredo Tunneling Adapter
        MULTICAST mtu:-1 index:16

eth5
        WAN Miniport (IPv6)
        MULTICAST mtu:-1 index:17

eth6
        Realtek USB GbE Family Controller
        MULTICAST mtu:-1 index:18

eth7
        Microsoft Kernel Debug Network Adapter
        MULTICAST mtu:-1 index:19

wlan2
        Microsoft Wi-Fi Direct Virtual Adapter #2
        hardware FA:59:71:81:2B:67
        MULTICAST mtu:1500 index:20

net7
        WAN Miniport (L2TP)
        MULTICAST mtu:-1 index:21

wlan3
        Intel(R) Dual Band Wireless-AC 8265-WFP Native MAC Layer LightWeight Filter-0000
        MULTICAST mtu:-1 index:22

wlan4
        Intel(R) Dual Band Wireless-AC 8265-Virtual WiFi Filter Driver-0000
        MULTICAST mtu:-1 index:23

wlan5
        Intel(R) Dual Band Wireless-AC 8265-Native WiFi Filter Driver-0000
        MULTICAST mtu:-1 index:24

wlan6
        Intel(R) Dual Band Wireless-AC 8265-QoS Packet Scheduler-0000
        MULTICAST mtu:-1 index:25

wlan7
        Intel(R) Dual Band Wireless-AC 8265-WFP 802.3 MAC Layer LightWeight Filter-0000
        MULTICAST mtu:-1 index:26

wlan8
        Microsoft Wi-Fi Direct Virtual Adapter-WFP Native MAC Layer LightWeight Filter-0000
        MULTICAST mtu:-1 index:27

wlan9
        Microsoft Wi-Fi Direct Virtual Adapter-Native WiFi Filter Driver-0000
        MULTICAST mtu:-1 index:28

wlan10
        Microsoft Wi-Fi Direct Virtual Adapter-QoS Packet Scheduler-0000
        MULTICAST mtu:-1 index:29

wlan11
        Microsoft Wi-Fi Direct Virtual Adapter-WFP 802.3 MAC Layer LightWeight Filter-0000
        MULTICAST mtu:-1 index:30

eth8
        WAN Miniport (IP)-WFP Native MAC Layer LightWeight Filter-0000
        MULTICAST mtu:-1 index:31

eth9
        WAN Miniport (IP)-QoS Packet Scheduler-0000
        MULTICAST mtu:-1 index:32

eth10
        WAN Miniport (IPv6)-WFP Native MAC Layer LightWeight Filter-0000
        MULTICAST mtu:-1 index:33

eth11
        WAN Miniport (IPv6)-QoS Packet Scheduler-0000
        MULTICAST mtu:-1 index:34

eth12
        WAN Miniport (Network Monitor)-WFP Native MAC Layer LightWeight Filter-0000
        MULTICAST mtu:-1 index:35

eth13
        WAN Miniport (Network Monitor)-QoS Packet Scheduler-0000
        MULTICAST mtu:-1 index:36

wlan12
        Microsoft Wi-Fi Direct Virtual Adapter #2-WFP Native MAC Layer LightWeight Filter-0000
        MULTICAST mtu:-1 index:37

wlan13
        Microsoft Wi-Fi Direct Virtual Adapter #2-Native WiFi Filter Driver-0000
        MULTICAST mtu:-1 index:38

wlan14
        Microsoft Wi-Fi Direct Virtual Adapter #2-QoS Packet Scheduler-0000
        MULTICAST mtu:-1 index:39

wlan15
        Microsoft Wi-Fi Direct Virtual Adapter #2-WFP 802.3 MAC Layer LightWeight Filter-0000
        MULTICAST mtu:-1 index:40

eth14
        ExpressVPN Tap Adapter-WFP Native MAC Layer LightWeight Filter-0000
        MULTICAST mtu:-1 index:41

eth15
        ExpressVPN Tap Adapter-QoS Packet Scheduler-0000
        MULTICAST mtu:-1 index:42

eth16
        ExpressVPN Tap Adapter-WFP 802.3 MAC Layer LightWeight Filter-0000
        MULTICAST mtu:-1 index:43

]]></system-out>
  </testcase>
  <testcase name="givenJsonString_whenJavaObject_thenIndexDocument" classname="com.yabuo.chatbot.ESManualTest" time="4.098">
    <error message="Could not initialize class org.elasticsearch.common.geo.builders.PointBuilder" type="java.lang.NoClassDefFoundError">java.lang.NoClassDefFoundError: Could not initialize class org.elasticsearch.common.geo.builders.PointBuilder
	at com.yabuo.chatbot.ESManualTest.setUp(ESManualTest.java:48)
</error>
    <system-out><![CDATA[10:58:31.488 [main] INFO org.elasticsearch.plugins.PluginsService - no modules loaded
10:58:31.489 [main] INFO org.elasticsearch.plugins.PluginsService - loaded plugin [org.elasticsearch.index.reindex.ReindexPlugin]
10:58:31.489 [main] INFO org.elasticsearch.plugins.PluginsService - loaded plugin [org.elasticsearch.join.ParentJoinPlugin]
10:58:31.489 [main] INFO org.elasticsearch.plugins.PluginsService - loaded plugin [org.elasticsearch.percolator.PercolatorPlugin]
10:58:31.489 [main] INFO org.elasticsearch.plugins.PluginsService - loaded plugin [org.elasticsearch.script.mustache.MustachePlugin]
10:58:31.489 [main] INFO org.elasticsearch.plugins.PluginsService - loaded plugin [org.elasticsearch.transport.Netty3Plugin]
10:58:31.489 [main] INFO org.elasticsearch.plugins.PluginsService - loaded plugin [org.elasticsearch.transport.Netty4Plugin]
10:58:31.491 [main] DEBUG org.elasticsearch.threadpool.ThreadPool - created thread pool: name [force_merge], size [1], queue size [unbounded]
10:58:31.491 [main] DEBUG org.elasticsearch.threadpool.ThreadPool - created thread pool: name [fetch_shard_started], core [1], max [8], keep alive [5m]
10:58:31.493 [main] DEBUG org.elasticsearch.threadpool.ThreadPool - created thread pool: name [listener], size [2], queue size [unbounded]
10:58:31.493 [main] DEBUG org.elasticsearch.threadpool.ThreadPool - created thread pool: name [index], size [4], queue size [200]
10:58:31.493 [main] DEBUG org.elasticsearch.threadpool.ThreadPool - created thread pool: name [refresh], core [1], max [2], keep alive [5m]
10:58:31.493 [main] DEBUG org.elasticsearch.threadpool.ThreadPool - created thread pool: name [generic], core [4], max [128], keep alive [30s]
10:58:31.494 [main] DEBUG org.elasticsearch.threadpool.ThreadPool - created thread pool: name [warmer], core [1], max [2], keep alive [5m]
10:58:31.495 [main] DEBUG org.elasticsearch.threadpool.ThreadPool - created thread pool: name [search], size [7], queue size [1k]
10:58:31.496 [main] DEBUG org.elasticsearch.threadpool.ThreadPool - created thread pool: name [flush], core [1], max [2], keep alive [5m]
10:58:31.496 [main] DEBUG org.elasticsearch.threadpool.ThreadPool - created thread pool: name [fetch_shard_store], core [1], max [8], keep alive [5m]
10:58:31.496 [main] DEBUG org.elasticsearch.threadpool.ThreadPool - created thread pool: name [management], core [1], max [5], keep alive [5m]
10:58:31.497 [main] DEBUG org.elasticsearch.threadpool.ThreadPool - created thread pool: name [get], size [4], queue size [1k]
10:58:31.498 [main] DEBUG org.elasticsearch.threadpool.ThreadPool - created thread pool: name [bulk], size [4], queue size [200]
10:58:31.499 [main] DEBUG org.elasticsearch.threadpool.ThreadPool - created thread pool: name [snapshot], core [1], max [2], keep alive [5m]
10:58:32.296 [main] DEBUG org.elasticsearch.common.network.IfConfig - configuration:

lo
        Software Loopback Interface 1
        inet 127.0.0.1 netmask:255.0.0.0 broadcast:127.255.255.255 scope:host
        inet6 ::1 prefixlen:128 scope:host
        UP MULTICAST LOOPBACK mtu:-1 index:1

net0
        Microsoft 6to4 Adapter
        MULTICAST mtu:-1 index:2

eth0
        WAN Miniport (IP)
        MULTICAST mtu:-1 index:3

net1
        WAN Miniport (IKEv2)
        MULTICAST mtu:-1 index:4

net2
        WAN Miniport (SSTP)
        MULTICAST mtu:-1 index:5

wlan0
        Intel(R) Dual Band Wireless-AC 8265
        inet 172.30.38.229 netmask:255.255.248.0 broadcast:172.30.39.255 scope:site
        hardware F8:59:71:81:2B:67
        UP MULTICAST mtu:1500 index:6

ppp0
        WAN Miniport (PPPOE)
        MULTICAST mtu:-1 index:7

wlan1
        Microsoft Wi-Fi Direct Virtual Adapter
        hardware F8:59:71:81:2B:68
        MULTICAST mtu:1500 index:8

net3
        Microsoft IP-HTTPS Platform Adapter
        MULTICAST mtu:-1 index:9

net4
        WAN Miniport (PPTP)
        MULTICAST mtu:-1 index:10

net5
        Bluetooth Device (RFCOMM Protocol TDI)
        MULTICAST mtu:-1 index:11

eth1
        Bluetooth Device (Personal Area Network)
        hardware F8:59:71:81:2B:6B
        MULTICAST mtu:1500 index:12

eth2
        Apple Mobile Device Ethernet
        MULTICAST mtu:-1 index:13

eth3
        ExpressVPN Tap Adapter
        inet 10.191.0.10 netmask:255.255.255.252 broadcast:10.191.0.11 scope:site
        hardware 00:FF:76:95:09:A9
        UP MULTICAST mtu:1500 index:14

eth4
        WAN Miniport (Network Monitor)
        MULTICAST mtu:-1 index:15

net6
        Microsoft Teredo Tunneling Adapter
        MULTICAST mtu:-1 index:16

eth5
        WAN Miniport (IPv6)
        MULTICAST mtu:-1 index:17

eth6
        Realtek USB GbE Family Controller
        MULTICAST mtu:-1 index:18

eth7
        Microsoft Kernel Debug Network Adapter
        MULTICAST mtu:-1 index:19

wlan2
        Microsoft Wi-Fi Direct Virtual Adapter #2
        hardware FA:59:71:81:2B:67
        MULTICAST mtu:1500 index:20

net7
        WAN Miniport (L2TP)
        MULTICAST mtu:-1 index:21

wlan3
        Intel(R) Dual Band Wireless-AC 8265-WFP Native MAC Layer LightWeight Filter-0000
        MULTICAST mtu:-1 index:22

wlan4
        Intel(R) Dual Band Wireless-AC 8265-Virtual WiFi Filter Driver-0000
        MULTICAST mtu:-1 index:23

wlan5
        Intel(R) Dual Band Wireless-AC 8265-Native WiFi Filter Driver-0000
        MULTICAST mtu:-1 index:24

wlan6
        Intel(R) Dual Band Wireless-AC 8265-QoS Packet Scheduler-0000
        MULTICAST mtu:-1 index:25

wlan7
        Intel(R) Dual Band Wireless-AC 8265-WFP 802.3 MAC Layer LightWeight Filter-0000
        MULTICAST mtu:-1 index:26

wlan8
        Microsoft Wi-Fi Direct Virtual Adapter-WFP Native MAC Layer LightWeight Filter-0000
        MULTICAST mtu:-1 index:27

wlan9
        Microsoft Wi-Fi Direct Virtual Adapter-Native WiFi Filter Driver-0000
        MULTICAST mtu:-1 index:28

wlan10
        Microsoft Wi-Fi Direct Virtual Adapter-QoS Packet Scheduler-0000
        MULTICAST mtu:-1 index:29

wlan11
        Microsoft Wi-Fi Direct Virtual Adapter-WFP 802.3 MAC Layer LightWeight Filter-0000
        MULTICAST mtu:-1 index:30

eth8
        WAN Miniport (IP)-WFP Native MAC Layer LightWeight Filter-0000
        MULTICAST mtu:-1 index:31

eth9
        WAN Miniport (IP)-QoS Packet Scheduler-0000
        MULTICAST mtu:-1 index:32

eth10
        WAN Miniport (IPv6)-WFP Native MAC Layer LightWeight Filter-0000
        MULTICAST mtu:-1 index:33

eth11
        WAN Miniport (IPv6)-QoS Packet Scheduler-0000
        MULTICAST mtu:-1 index:34

eth12
        WAN Miniport (Network Monitor)-WFP Native MAC Layer LightWeight Filter-0000
        MULTICAST mtu:-1 index:35

eth13
        WAN Miniport (Network Monitor)-QoS Packet Scheduler-0000
        MULTICAST mtu:-1 index:36

wlan12
        Microsoft Wi-Fi Direct Virtual Adapter #2-WFP Native MAC Layer LightWeight Filter-0000
        MULTICAST mtu:-1 index:37

wlan13
        Microsoft Wi-Fi Direct Virtual Adapter #2-Native WiFi Filter Driver-0000
        MULTICAST mtu:-1 index:38

wlan14
        Microsoft Wi-Fi Direct Virtual Adapter #2-QoS Packet Scheduler-0000
        MULTICAST mtu:-1 index:39

wlan15
        Microsoft Wi-Fi Direct Virtual Adapter #2-WFP 802.3 MAC Layer LightWeight Filter-0000
        MULTICAST mtu:-1 index:40

eth14
        ExpressVPN Tap Adapter-WFP Native MAC Layer LightWeight Filter-0000
        MULTICAST mtu:-1 index:41

eth15
        ExpressVPN Tap Adapter-QoS Packet Scheduler-0000
        MULTICAST mtu:-1 index:42

eth16
        ExpressVPN Tap Adapter-WFP 802.3 MAC Layer LightWeight Filter-0000
        MULTICAST mtu:-1 index:43

]]></system-out>
  </testcase>
  <testcase name="givenContentBuilder_whenHelpers_thanIndexJson" classname="com.yabuo.chatbot.ESManualTest" time="5.274">
    <error message="Could not initialize class org.elasticsearch.common.geo.builders.PointBuilder" type="java.lang.NoClassDefFoundError">java.lang.NoClassDefFoundError: Could not initialize class org.elasticsearch.common.geo.builders.PointBuilder
	at com.yabuo.chatbot.ESManualTest.setUp(ESManualTest.java:48)
</error>
    <system-out><![CDATA[10:58:32.346 [main] INFO org.elasticsearch.plugins.PluginsService - no modules loaded
10:58:32.347 [main] INFO org.elasticsearch.plugins.PluginsService - loaded plugin [org.elasticsearch.index.reindex.ReindexPlugin]
10:58:32.347 [main] INFO org.elasticsearch.plugins.PluginsService - loaded plugin [org.elasticsearch.join.ParentJoinPlugin]
10:58:32.347 [main] INFO org.elasticsearch.plugins.PluginsService - loaded plugin [org.elasticsearch.percolator.PercolatorPlugin]
10:58:32.347 [main] INFO org.elasticsearch.plugins.PluginsService - loaded plugin [org.elasticsearch.script.mustache.MustachePlugin]
10:58:32.347 [main] INFO org.elasticsearch.plugins.PluginsService - loaded plugin [org.elasticsearch.transport.Netty3Plugin]
10:58:32.347 [main] INFO org.elasticsearch.plugins.PluginsService - loaded plugin [org.elasticsearch.transport.Netty4Plugin]
10:58:32.348 [main] DEBUG org.elasticsearch.threadpool.ThreadPool - created thread pool: name [force_merge], size [1], queue size [unbounded]
10:58:32.349 [main] DEBUG org.elasticsearch.threadpool.ThreadPool - created thread pool: name [fetch_shard_started], core [1], max [8], keep alive [5m]
10:58:32.349 [main] DEBUG org.elasticsearch.threadpool.ThreadPool - created thread pool: name [listener], size [2], queue size [unbounded]
10:58:32.351 [main] DEBUG org.elasticsearch.threadpool.ThreadPool - created thread pool: name [index], size [4], queue size [200]
10:58:32.351 [main] DEBUG org.elasticsearch.threadpool.ThreadPool - created thread pool: name [refresh], core [1], max [2], keep alive [5m]
10:58:32.351 [main] DEBUG org.elasticsearch.threadpool.ThreadPool - created thread pool: name [generic], core [4], max [128], keep alive [30s]
10:58:32.351 [main] DEBUG org.elasticsearch.threadpool.ThreadPool - created thread pool: name [warmer], core [1], max [2], keep alive [5m]
10:58:32.352 [main] DEBUG org.elasticsearch.threadpool.ThreadPool - created thread pool: name [search], size [7], queue size [1k]
10:58:32.352 [main] DEBUG org.elasticsearch.threadpool.ThreadPool - created thread pool: name [flush], core [1], max [2], keep alive [5m]
10:58:32.352 [main] DEBUG org.elasticsearch.threadpool.ThreadPool - created thread pool: name [fetch_shard_store], core [1], max [8], keep alive [5m]
10:58:32.352 [main] DEBUG org.elasticsearch.threadpool.ThreadPool - created thread pool: name [management], core [1], max [5], keep alive [5m]
10:58:32.353 [main] DEBUG org.elasticsearch.threadpool.ThreadPool - created thread pool: name [get], size [4], queue size [1k]
10:58:32.353 [main] DEBUG org.elasticsearch.threadpool.ThreadPool - created thread pool: name [bulk], size [4], queue size [200]
10:58:32.353 [main] DEBUG org.elasticsearch.threadpool.ThreadPool - created thread pool: name [snapshot], core [1], max [2], keep alive [5m]
10:58:33.096 [main] DEBUG org.elasticsearch.common.network.IfConfig - configuration:

lo
        Software Loopback Interface 1
        inet 127.0.0.1 netmask:255.0.0.0 broadcast:127.255.255.255 scope:host
        inet6 ::1 prefixlen:128 scope:host
        UP MULTICAST LOOPBACK mtu:-1 index:1

net0
        Microsoft 6to4 Adapter
        MULTICAST mtu:-1 index:2

eth0
        WAN Miniport (IP)
        MULTICAST mtu:-1 index:3

net1
        WAN Miniport (IKEv2)
        MULTICAST mtu:-1 index:4

net2
        WAN Miniport (SSTP)
        MULTICAST mtu:-1 index:5

wlan0
        Intel(R) Dual Band Wireless-AC 8265
        inet 172.30.38.229 netmask:255.255.248.0 broadcast:172.30.39.255 scope:site
        hardware F8:59:71:81:2B:67
        UP MULTICAST mtu:1500 index:6

ppp0
        WAN Miniport (PPPOE)
        MULTICAST mtu:-1 index:7

wlan1
        Microsoft Wi-Fi Direct Virtual Adapter
        hardware F8:59:71:81:2B:68
        MULTICAST mtu:1500 index:8

net3
        Microsoft IP-HTTPS Platform Adapter
        MULTICAST mtu:-1 index:9

net4
        WAN Miniport (PPTP)
        MULTICAST mtu:-1 index:10

net5
        Bluetooth Device (RFCOMM Protocol TDI)
        MULTICAST mtu:-1 index:11

eth1
        Bluetooth Device (Personal Area Network)
        hardware F8:59:71:81:2B:6B
        MULTICAST mtu:1500 index:12

eth2
        Apple Mobile Device Ethernet
        MULTICAST mtu:-1 index:13

eth3
        ExpressVPN Tap Adapter
        inet 10.191.0.10 netmask:255.255.255.252 broadcast:10.191.0.11 scope:site
        hardware 00:FF:76:95:09:A9
        UP MULTICAST mtu:1500 index:14

eth4
        WAN Miniport (Network Monitor)
        MULTICAST mtu:-1 index:15

net6
        Microsoft Teredo Tunneling Adapter
        MULTICAST mtu:-1 index:16

eth5
        WAN Miniport (IPv6)
        MULTICAST mtu:-1 index:17

eth6
        Realtek USB GbE Family Controller
        MULTICAST mtu:-1 index:18

eth7
        Microsoft Kernel Debug Network Adapter
        MULTICAST mtu:-1 index:19

wlan2
        Microsoft Wi-Fi Direct Virtual Adapter #2
        hardware FA:59:71:81:2B:67
        MULTICAST mtu:1500 index:20

net7
        WAN Miniport (L2TP)
        MULTICAST mtu:-1 index:21

wlan3
        Intel(R) Dual Band Wireless-AC 8265-WFP Native MAC Layer LightWeight Filter-0000
        MULTICAST mtu:-1 index:22

wlan4
        Intel(R) Dual Band Wireless-AC 8265-Virtual WiFi Filter Driver-0000
        MULTICAST mtu:-1 index:23

wlan5
        Intel(R) Dual Band Wireless-AC 8265-Native WiFi Filter Driver-0000
        MULTICAST mtu:-1 index:24

wlan6
        Intel(R) Dual Band Wireless-AC 8265-QoS Packet Scheduler-0000
        MULTICAST mtu:-1 index:25

wlan7
        Intel(R) Dual Band Wireless-AC 8265-WFP 802.3 MAC Layer LightWeight Filter-0000
        MULTICAST mtu:-1 index:26

wlan8
        Microsoft Wi-Fi Direct Virtual Adapter-WFP Native MAC Layer LightWeight Filter-0000
        MULTICAST mtu:-1 index:27

wlan9
        Microsoft Wi-Fi Direct Virtual Adapter-Native WiFi Filter Driver-0000
        MULTICAST mtu:-1 index:28

wlan10
        Microsoft Wi-Fi Direct Virtual Adapter-QoS Packet Scheduler-0000
        MULTICAST mtu:-1 index:29

wlan11
        Microsoft Wi-Fi Direct Virtual Adapter-WFP 802.3 MAC Layer LightWeight Filter-0000
        MULTICAST mtu:-1 index:30

eth8
        WAN Miniport (IP)-WFP Native MAC Layer LightWeight Filter-0000
        MULTICAST mtu:-1 index:31

eth9
        WAN Miniport (IP)-QoS Packet Scheduler-0000
        MULTICAST mtu:-1 index:32

eth10
        WAN Miniport (IPv6)-WFP Native MAC Layer LightWeight Filter-0000
        MULTICAST mtu:-1 index:33

eth11
        WAN Miniport (IPv6)-QoS Packet Scheduler-0000
        MULTICAST mtu:-1 index:34

eth12
        WAN Miniport (Network Monitor)-WFP Native MAC Layer LightWeight Filter-0000
        MULTICAST mtu:-1 index:35

eth13
        WAN Miniport (Network Monitor)-QoS Packet Scheduler-0000
        MULTICAST mtu:-1 index:36

wlan12
        Microsoft Wi-Fi Direct Virtual Adapter #2-WFP Native MAC Layer LightWeight Filter-0000
        MULTICAST mtu:-1 index:37

wlan13
        Microsoft Wi-Fi Direct Virtual Adapter #2-Native WiFi Filter Driver-0000
        MULTICAST mtu:-1 index:38

wlan14
        Microsoft Wi-Fi Direct Virtual Adapter #2-QoS Packet Scheduler-0000
        MULTICAST mtu:-1 index:39

wlan15
        Microsoft Wi-Fi Direct Virtual Adapter #2-WFP 802.3 MAC Layer LightWeight Filter-0000
        MULTICAST mtu:-1 index:40

eth14
        ExpressVPN Tap Adapter-WFP Native MAC Layer LightWeight Filter-0000
        MULTICAST mtu:-1 index:41

eth15
        ExpressVPN Tap Adapter-QoS Packet Scheduler-0000
        MULTICAST mtu:-1 index:42

eth16
        ExpressVPN Tap Adapter-WFP 802.3 MAC Layer LightWeight Filter-0000
        MULTICAST mtu:-1 index:43

]]></system-out>
  </testcase>
</testsuite>